This is pdfTeX, Version 3.141592653-2.6-1.40.26 (TeX Live 2024) (preloaded format=pdflatex 2024.4.5)  21 JUL 2024 22:23
entering extended mode
 restricted \write18 enabled.
 %&-line parsing enabled.
**anonymous-submission-latex-2025.tex
(./anonymous-submission-latex-2025.tex
LaTeX2e <2023-11-01> patch level 1
L3 programming layer <2024-02-20>
(d:/texlive/2024/texmf-dist/tex/latex/base/article.cls
Document Class: article 2023/05/17 v1.4n Standard LaTeX document class
(d:/texlive/2024/texmf-dist/tex/latex/base/size10.clo
File: size10.clo 2023/05/17 v1.4n Standard LaTeX file (size option)
)
\c@part=\count188
\c@section=\count189
\c@subsection=\count190
\c@subsubsection=\count191
\c@paragraph=\count192
\c@subparagraph=\count193
\c@figure=\count194
\c@table=\count195
\abovecaptionskip=\skip48
\belowcaptionskip=\skip49
\bibindent=\dimen140
) (./aaai25.sty
Package: aaai25 2025/05/08 AAAI 2025 Submission format

Conference Style for AAAI for LaTeX 2e -- version for submission
\titlebox=\skip50
) (d:/texlive/2024/texmf-dist/tex/latex/psnfss/times.sty
Package: times 2020/03/25 PSNFSS-v9.3 (SPQR) 
)
(d:/texlive/2024/texmf-dist/tex/latex/psnfss/helvet.sty
Package: helvet 2020/03/25 PSNFSS-v9.3 (WaS) 

(d:/texlive/2024/texmf-dist/tex/latex/graphics/keyval.sty
Package: keyval 2022/05/29 v1.15 key=value parser (DPC)
\KV@toks@=\toks17
))
(d:/texlive/2024/texmf-dist/tex/latex/psnfss/courier.sty
Package: courier 2020/03/25 PSNFSS-v9.3 (WaS) 
)
(d:/texlive/2024/texmf-dist/tex/latex/url/url.sty
\Urlmuskip=\muskip16
Package: url 2013/09/16  ver 3.4  Verb mode for urls, etc.
)
(d:/texlive/2024/texmf-dist/tex/latex/graphics/graphicx.sty
Package: graphicx 2021/09/16 v1.2d Enhanced LaTeX Graphics (DPC,SPQR)

(d:/texlive/2024/texmf-dist/tex/latex/graphics/graphics.sty
Package: graphics 2022/03/10 v1.4e Standard LaTeX Graphics (DPC,SPQR)

(d:/texlive/2024/texmf-dist/tex/latex/graphics/trig.sty
Package: trig 2021/08/11 v1.11 sin cos tan (DPC)
)
(d:/texlive/2024/texmf-dist/tex/latex/graphics-cfg/graphics.cfg
File: graphics.cfg 2016/06/04 v1.11 sample graphics configuration
)
Package graphics Info: Driver file: pdftex.def on input line 107.

(d:/texlive/2024/texmf-dist/tex/latex/graphics-def/pdftex.def
File: pdftex.def 2022/09/22 v1.2b Graphics/color driver for pdftex
))
\Gin@req@height=\dimen141
\Gin@req@width=\dimen142
)
(d:/texlive/2024/texmf-dist/tex/latex/natbib/natbib.sty
Package: natbib 2010/09/13 8.31b (PWD, AO)
\bibhang=\skip51
\bibsep=\skip52
LaTeX Info: Redefining \cite on input line 694.
\c@NAT@ctr=\count196
)
(d:/texlive/2024/texmf-dist/tex/latex/caption/caption.sty
Package: caption 2023/08/05 v3.6o Customizing captions (AR)

(d:/texlive/2024/texmf-dist/tex/latex/caption/caption3.sty
Package: caption3 2023/07/31 v2.4d caption3 kernel (AR)
\caption@tempdima=\dimen143
\captionmargin=\dimen144
\caption@leftmargin=\dimen145
\caption@rightmargin=\dimen146
\caption@width=\dimen147
\caption@indent=\dimen148
\caption@parindent=\dimen149
\caption@hangindent=\dimen150
Package caption Info: Standard document class detected.
)
\c@caption@flags=\count197
\c@continuedfloat=\count198
)
(d:/texlive/2024/texmf-dist/tex/latex/algorithms/algorithm.sty
Package: algorithm 2009/08/24 v0.1 Document Style `algorithm' - floating enviro
nment

(d:/texlive/2024/texmf-dist/tex/latex/float/float.sty
Package: float 2001/11/08 v1.3d Float enhancements (AL)
\c@float@type=\count199
\float@exts=\toks18
\float@box=\box51
\@float@everytoks=\toks19
\@floatcapt=\box52
)
(d:/texlive/2024/texmf-dist/tex/latex/base/ifthen.sty
Package: ifthen 2022/04/13 v1.1d Standard LaTeX ifthen package (DPC)
)
\@float@every@algorithm=\toks20
\c@algorithm=\count266
)
(d:/texlive/2024/texmf-dist/tex/latex/algorithms/algorithmic.sty
Package: algorithmic 2009/08/24 v0.1 Document Style `algorithmic'
\c@ALC@unique=\count267
\c@ALC@line=\count268
\c@ALC@rem=\count269
\c@ALC@depth=\count270
\ALC@tlm=\skip53
\algorithmicindent=\skip54
)
(d:/texlive/2024/texmf-dist/tex/latex/newfloat/newfloat.sty
Package: newfloat 2023/10/01 v1.2 Defining new floating environments (AR)
)
(d:/texlive/2024/texmf-dist/tex/latex/listings/listings.sty
\lst@mode=\count271
\lst@gtempboxa=\box53
\lst@token=\toks21
\lst@length=\count272
\lst@currlwidth=\dimen151
\lst@column=\count273
\lst@pos=\count274
\lst@lostspace=\dimen152
\lst@width=\dimen153
\lst@newlines=\count275
\lst@lineno=\count276
\lst@maxwidth=\dimen154

(d:/texlive/2024/texmf-dist/tex/latex/listings/lstpatch.sty
File: lstpatch.sty 2024/02/21 1.10 (Carsten Heinz)
)
(d:/texlive/2024/texmf-dist/tex/latex/listings/lstmisc.sty
File: lstmisc.sty 2024/02/21 1.10 (Carsten Heinz)
\c@lstnumber=\count277
\lst@skipnumbers=\count278
\lst@framebox=\box54
)
(d:/texlive/2024/texmf-dist/tex/latex/listings/listings.cfg
File: listings.cfg 2024/02/21 1.10 listings configuration
))
Package: listings 2024/02/21 1.10 (Carsten Heinz)
\@float@every@listing=\toks22
\c@listing=\count279

(d:/texlive/2024/texmf-dist/tex/latex/natbib/bibentry.sty
Package: bibentry 2007/10/30 1.5 (PWD)
)
LaTeX Font Info:    Trying to load font information for OT1+ptm on input line 1
64.

(d:/texlive/2024/texmf-dist/tex/latex/psnfss/ot1ptm.fd
File: ot1ptm.fd 2001/06/04 font definitions for OT1/ptm.
)
(d:/texlive/2024/texmf-dist/tex/latex/l3backend/l3backend-pdftex.def
File: l3backend-pdftex.def 2024-02-20 L3 backend support: PDF output (pdfTeX)
\l__color_backend_stack_int=\count280
\l__pdf_internal_box=\box55
)
(./anonymous-submission-latex-2025.aux)
\openout1 = `anonymous-submission-latex-2025.aux'.

LaTeX Font Info:    Checking defaults for OML/cmm/m/it on input line 164.
LaTeX Font Info:    ... okay on input line 164.
LaTeX Font Info:    Checking defaults for OMS/cmsy/m/n on input line 164.
LaTeX Font Info:    ... okay on input line 164.
LaTeX Font Info:    Checking defaults for OT1/cmr/m/n on input line 164.
LaTeX Font Info:    ... okay on input line 164.
LaTeX Font Info:    Checking defaults for T1/cmr/m/n on input line 164.
LaTeX Font Info:    ... okay on input line 164.
LaTeX Font Info:    Checking defaults for TS1/cmr/m/n on input line 164.
LaTeX Font Info:    ... okay on input line 164.
LaTeX Font Info:    Checking defaults for OMX/cmex/m/n on input line 164.
LaTeX Font Info:    ... okay on input line 164.
LaTeX Font Info:    Checking defaults for U/cmr/m/n on input line 164.
LaTeX Font Info:    ... okay on input line 164.

(d:/texlive/2024/texmf-dist/tex/context/base/mkii/supp-pdf.mkii
[Loading MPS to PDF converter (version 2006.09.02).]
\scratchcounter=\count281
\scratchdimen=\dimen155
\scratchbox=\box56
\nofMPsegments=\count282
\nofMParguments=\count283
\everyMPshowfont=\toks23
\MPscratchCnt=\count284
\MPscratchDim=\dimen156
\MPnumerator=\count285
\makeMPintoPDFobject=\count286
\everyMPtoPDFconversion=\toks24
) (d:/texlive/2024/texmf-dist/tex/latex/epstopdf-pkg/epstopdf-base.sty
Package: epstopdf-base 2020-01-24 v2.11 Base part for package epstopdf
Package epstopdf-base Info: Redefining graphics rule for `.eps' on input line 4
85.

(d:/texlive/2024/texmf-dist/tex/latex/latexconfig/epstopdf-sys.cfg
File: epstopdf-sys.cfg 2010/07/13 v1.3 Configuration of (r)epstopdf for TeX Liv
e
))
Package caption Info: Begin \AtBeginDocument code.
Package caption Info: float package is loaded.
Package caption Info: listings package is loaded.
Package caption Info: End \AtBeginDocument code.
Package newfloat Info: `float' package detected.
\c@lstlisting=\count287
\c@eqfn=\count288
\titlearea=\box57
LaTeX Font Info:    External font `cmex10' loaded for size
(Font)              <14.4> on input line 166.
LaTeX Font Info:    External font `cmex10' loaded for size
(Font)              <7> on input line 166.
\actualheight=\skip55

Underfull \hbox (badness 1609) in paragraph at lines 182--183
\OT1/ptm/m/n/10 This doc-u-ment de-tails the for-mat-ting re-quire-ments for
 []

LaTeX Font Info:    Trying to load font information for TS1+ptm on input line 1
85.
(d:/texlive/2024/texmf-dist/tex/latex/psnfss/ts1ptm.fd
File: ts1ptm.fd 2001/06/04 font definitions for TS1/ptm.
)
LaTeX Font Info:    Trying to load font information for OT1+pcr on input line 1
92.

(d:/texlive/2024/texmf-dist/tex/latex/psnfss/ot1pcr.fd
File: ot1pcr.fd 2001/06/04 font definitions for OT1/pcr.
)
LaTeX Font Info:    External font `cmex10' loaded for size
(Font)              <5> on input line 206.
 [1{d:/texlive/2024/texmf-var/fonts/map/pdftex/updmap/pdftex.map}{d:/texlive/20
24/texmf-dist/fonts/enc/dvips/base/8r.enc}



]
LaTeX Font Info:    External font `cmex10' loaded for size
(Font)              <12> on input line 278.
LaTeX Font Info:    External font `cmex10' loaded for size
(Font)              <8> on input line 278.
LaTeX Font Info:    External font `cmex10' loaded for size
(Font)              <6> on input line 278.
 [2]
LaTeX Font Info:    Trying to load font information for OMS+ptm on input line 3
64.
 (d:/texlive/2024/texmf-dist/tex/latex/psnfss/omsptm.fd
File: omsptm.fd 
)
LaTeX Font Info:    Font shape `OMS/ptm/m/n' in size <10> not available
(Font)              Font shape `OMS/cmsy/m/n' tried instead on input line 364.
[3]
Underfull \hbox (badness 10000) in paragraph at lines 439--440
[]\OT1/ptm/m/n/10 Commands that al-ter page lay-out are for-bid-
 []


Underfull \hbox (badness 7832) in paragraph at lines 439--440
\OT1/ptm/m/n/10 den. These in-clude \OMS/cmsy/m/n/10 n\OT1/ptm/m/n/10 columnsep
, \OMS/cmsy/m/n/10 n\OT1/ptm/m/n/10 float, \OMS/cmsy/m/n/10 n\OT1/ptm/m/n/10 to
pmargin,
 []


Underfull \hbox (badness 3049) in paragraph at lines 439--440
\OMS/cmsy/m/n/10 n\OT1/ptm/m/n/10 topskip, \OMS/cmsy/m/n/10 n\OT1/ptm/m/n/10 te
xtheight, \OMS/cmsy/m/n/10 n\OT1/ptm/m/n/10 textwidth, \OMS/cmsy/m/n/10 n\OT1/p
tm/m/n/10 oddsidemargin, and
 []


Underfull \hbox (badness 1264) in paragraph at lines 456--458
 \OT1/ptm/b/n/10 Ob-tain-ing Type 1 Com-puter Mod-ern for L[]T[]X. \OT1/ptm/m/n
/10 If
 []


Underfull \hbox (badness 1281) in paragraph at lines 456--458
\OT1/ptm/m/n/10 pa-per (you can-not use it for the text) you may need
 []


Underfull \vbox (badness 5231) has occurred while \output is active []

 [4]
Underfull \hbox (badness 2213) in paragraph at lines 468--469
 \OT1/ptm/b/n/10 For-mat-ting Au-thor In-for-ma-tion. \OT1/ptm/m/n/10 Au-thor i
n-for-ma-tion
 []


Overfull \hbox (8.80545pt too wide) in paragraph at lines 503--503
 []    \OT1/pcr/m/n/7 AuthorOne\equalcontrib\textsuperscript{\rm 1,\rm 2},[] 
 []

LaTeX Font Info:    External font `cmex10' loaded for size
(Font)              <10.95> on input line 509.

Underfull \hbox (badness 1231) in paragraph at lines 510--511
\OT1/ptm/m/n/10 The copy-right no-tice au-to-mat-i-cally ap-pears if you use
 []

LaTeX Font Info:    Font shape `OMS/ptm/m/n' in size <9> not available
(Font)              Font shape `OMS/cmsy/m/n' tried instead on input line 518.
[5]
Underfull \hbox (badness 3209) in paragraph at lines 557--558
 \OT1/ptm/b/n/10 Sec-tion Head-ings. \OT1/ptm/m/n/10 Sec-tions should be ar-ran
ged and
 []

LaTeX Font Info:    Trying to load font information for OMS+pcr on input line 5
67.
(d:/texlive/2024/texmf-dist/tex/latex/psnfss/omspcr.fd
File: omspcr.fd 
)
LaTeX Font Info:    Font shape `OMS/pcr/m/n' in size <10> not available
(Font)              Font shape `OMS/cmsy/m/n' tried instead on input line 567.

Underfull \hbox (badness 1377) in paragraph at lines 576--577
 \OT1/ptm/b/n/10 Ref-er-ences. \OT1/ptm/m/n/10 The ref-er-ences sec-tion should
 be la-beled
 []

<figure1.pdf, id=24, 250.7769pt x 87.6876pt>
File: figure1.pdf Graphic file (type pdf)
<use figure1.pdf>
Package pdftex.def Info: figure1.pdf  used on input line 582.
(pdftex.def)             Requested size: 215.45348pt x 75.33894pt.
<figure2.pdf, id=25, 505.89pt x 159.9576pt>
File: figure2.pdf Graphic file (type pdf)
<use figure2.pdf>
Package pdftex.def Info: figure2.pdf  used on input line 589.
(pdftex.def)             Requested size: 404.71353pt x 127.96867pt.
[6 <./figure1.pdf>]
Underfull \hbox (badness 10000) in paragraph at lines 625--626
 \OT1/ptm/b/n/10 Low-Resolution Bitmaps. \OT1/ptm/m/n/10 You may not use low-
 []


Underfull \hbox (badness 5403) in paragraph at lines 625--626
\OT1/ptm/m/n/10 resolution (such as 72 dpi) screen-dumps and GIF
 []

[7 <./figure2.pdf>]
Underfull \hbox (badness 10000) in paragraph at lines 649--650
[]\OT1/ptm/m/n/10 In L[]T[]X al-go-rithms may be type-set us-ing the
 []


Underfull \hbox (badness 4024) in paragraph at lines 649--650
\OT1/pcr/m/n/10 algorithm \OT1/ptm/m/n/10 and \OT1/pcr/m/n/10 algorithmic \OT1/
ptm/m/n/10 pack-ages, but you
 []

(d:/texlive/2024/texmf-dist/tex/latex/listings/lstlang1.sty
File: lstlang1.sty 2024/02/21 1.10 listings language file
)
(d:/texlive/2024/texmf-dist/tex/latex/listings/lstlang2.sty
File: lstlang2.sty 2024/02/21 1.10 listings language file
)
LaTeX Font Info:    Font shape `OMS/ptm/m/it' in size <10> not available
(Font)              Font shape `OMS/cmsy/m/n' tried instead on input line 699.
 [8]
Underfull \hbox (badness 1028) in paragraph at lines 737--738
\OT1/ptm/m/n/10 L[]T[]X is a dif-fi-cult pro-gram to mas-ter. If you've used
 []


Underfull \hbox (badness 1389) in paragraph at lines 737--738
\OT1/ptm/m/n/10 that soft-ware, and this doc-u-ment didn't help or some
 []


Underfull \hbox (badness 1087) in paragraph at lines 737--738
\OT1/ptm/m/n/10 2002/08/13) about ob-tain-ing cor-rect PS/PDF out-put on
 []

(./anonymous-submission-latex-2025.bbl)
Underfull \hbox (badness 1983) in paragraph at lines 749--752
 \OT1/ptm/b/n/10 Jour-nal and mag-a-zine ar-ti-cles \OT1/ptm/m/n/10 Use the \OT
1/pcr/m/n/10 @article
 []


Underfull \hbox (badness 1902) in paragraph at lines 757--759
 \OT1/ptm/b/n/10 Uni-ver-sity tech-ni-cal re-port \OT1/ptm/m/n/10 Use the \OT1/
pcr/m/n/10 @techreport
 []


Underfull \hbox (badness 2221) in paragraph at lines 805--806
\OT1/ptm/m/n/10 style, please con-sult the \OT1/ptm/m/it/10 AI Mag-a-zine \OT1/
ptm/m/n/10 Au-thor Guide-
 []


Underfull \hbox (badness 10000) in paragraph at lines 805--806
\OT1/ptm/m/n/10 lines at $https : / / aaai . org / ojs / index . php / aimagazi
ne / about /
 []

[9] (./anonymous-submission-latex-2025.bbl) [10

]
(./anonymous-submission-latex-2025.aux)
 ***********
LaTeX2e <2023-11-01> patch level 1
L3 programming layer <2024-02-20>
 ***********
 ) 
Here is how much of TeX's memory you used:
 6168 strings out of 474115
 97054 string characters out of 5747697
 1982190 words of memory out of 5000000
 28464 multiletter control sequences out of 15000+600000
 582979 words of font info for 84 fonts, out of 8000000 for 9000
 1141 hyphenation exceptions out of 8191
 57i,8n,65p,923b,1839s stack positions out of 10000i,1000n,20000p,200000b,200000s
<d:/texlive/2024/texmf-dist/fonts/type1/public/amsfonts/cm/cmmi10.pfb><d:/tex
live/2024/texmf-dist/fonts/type1/public/amsfonts/cm/cmr10.pfb><d:/texlive/2024/
texmf-dist/fonts/type1/public/amsfonts/cm/cmsy10.pfb><d:/texlive/2024/texmf-dis
t/fonts/type1/public/amsfonts/cm/cmsy9.pfb><d:/texlive/2024/texmf-dist/fonts/ty
pe1/urw/courier/ucrb8a.pfb><d:/texlive/2024/texmf-dist/fonts/type1/urw/courier/
ucrr8a.pfb><d:/texlive/2024/texmf-dist/fonts/type1/urw/times/utmb8a.pfb><d:/tex
live/2024/texmf-dist/fonts/type1/urw/times/utmr8a.pfb><d:/texlive/2024/texmf-di
st/fonts/type1/urw/times/utmri8a.pfb>
Output written on anonymous-submission-latex-2025.pdf (10 pages, 1496746 bytes)
.
PDF statistics:
 93 PDF objects out of 1000 (max. 8388607)
 58 compressed objects within 1 object stream
 0 named destinations out of 1000 (max. 500000)
 11 words of extra memory for PDF output out of 10000 (max. 10000000)

