\BOOKMARK [1][-]{section*.1}{\376\377\000P\000r\000e\000p\000a\000r\000i\000n\000g\000\040\000a\000n\000\040\000A\000n\000o\000n\000y\000m\000o\000u\000s\000\040\000S\000u\000b\000m\000i\000s\000s\000i\000o\000n}{}% 1
\BOOKMARK [1][-]{section*.2}{\376\377\000C\000a\000m\000e\000r\000a\000-\000R\000e\000a\000d\000y\000\040\000G\000u\000i\000d\000e\000l\000i\000n\000e\000s}{}% 2
\BOOKMARK [1][-]{section*.3}{\376\377\000C\000o\000p\000y\000r\000i\000g\000h\000t}{}% 3
\BOOKMARK [1][-]{section*.4}{\376\377\000F\000o\000r\000m\000a\000t\000t\000i\000n\000g\000\040\000R\000e\000q\000u\000i\000r\000e\000m\000e\000n\000t\000s\000\040\000i\000n\000\040\000B\000r\000i\000e\000f}{}% 4
\BOOKMARK [1][-]{section*.5}{\376\377\000W\000h\000a\000t\000\040\000F\000i\000l\000e\000s\000\040\000t\000o\000\040\000S\000u\000b\000m\000i\000t}{}% 5
\BOOKMARK [1][-]{section*.6}{\376\377\000U\000s\000i\000n\000g\000\040\000L\000a\000T\000e\000X\000\040\000t\000o\000\040\000F\000o\000r\000m\000a\000t\000\040\000Y\000o\000u\000r\000\040\000P\000a\000p\000e\000r}{}% 6
\BOOKMARK [2][-]{section*.7}{\376\377\000D\000o\000c\000u\000m\000e\000n\000t\000\040\000P\000r\000e\000a\000m\000b\000l\000e}{section*.6}% 7
\BOOKMARK [2][-]{section*.9}{\376\377\000P\000r\000e\000p\000a\000r\000i\000n\000g\000\040\000Y\000o\000u\000r\000\040\000P\000a\000p\000e\000r}{section*.6}% 8
\BOOKMARK [2][-]{section*.10}{\376\377\000C\000o\000m\000m\000a\000n\000d\000s\000\040\000a\000n\000d\000\040\000P\000a\000c\000k\000a\000g\000e\000s\000\040\000T\000h\000a\000t\000\040\000M\000a\000y\000\040\000N\000o\000t\000\040\000B\000e\000\040\000U\000s\000e\000d}{section*.6}% 9
\BOOKMARK [2][-]{section*.13}{\376\377\000P\000a\000g\000e\000\040\000B\000r\000e\000a\000k\000s}{section*.6}% 10
\BOOKMARK [2][-]{section*.14}{\376\377\000P\000a\000p\000e\000r\000\040\000S\000i\000z\000e\000,\000\040\000M\000a\000r\000g\000i\000n\000s\000,\000\040\000a\000n\000d\000\040\000C\000o\000l\000u\000m\000n\000\040\000W\000i\000d\000t\000h}{section*.6}% 11
\BOOKMARK [2][-]{section*.16}{\376\377\000O\000v\000e\000r\000l\000e\000n\000g\000t\000h\000\040\000P\000a\000p\000e\000r\000s}{section*.6}% 12
\BOOKMARK [2][-]{section*.17}{\376\377\000T\000y\000p\000e\000\040\000F\000o\000n\000t\000\040\000a\000n\000d\000\040\000S\000i\000z\000e}{section*.6}% 13
\BOOKMARK [2][-]{section*.20}{\376\377\000T\000i\000t\000l\000e\000\040\000a\000n\000d\000\040\000A\000u\000t\000h\000o\000r\000s}{section*.6}% 14
\BOOKMARK [2][-]{section*.22}{\376\377\000L\000a\000T\000e\000X\000\040\000C\000o\000p\000y\000r\000i\000g\000h\000t\000\040\000N\000o\000t\000i\000c\000e}{section*.6}% 15
\BOOKMARK [2][-]{section*.23}{\376\377\000C\000r\000e\000d\000i\000t\000s}{section*.6}% 16
\BOOKMARK [2][-]{section*.24}{\376\377\000A\000b\000s\000t\000r\000a\000c\000t}{section*.6}% 17
\BOOKMARK [2][-]{section*.25}{\376\377\000P\000a\000g\000e\000\040\000N\000u\000m\000b\000e\000r\000s}{section*.6}% 18
\BOOKMARK [2][-]{section*.26}{\376\377\000T\000e\000x\000t}{section*.6}% 19
\BOOKMARK [2][-]{section*.27}{\376\377\000C\000i\000t\000a\000t\000i\000o\000n\000s}{section*.6}% 20
\BOOKMARK [2][-]{section*.28}{\376\377\000E\000x\000t\000r\000a\000c\000t\000s}{section*.6}% 21
\BOOKMARK [2][-]{section*.29}{\376\377\000F\000o\000o\000t\000n\000o\000t\000e\000s}{section*.6}% 22
\BOOKMARK [2][-]{section*.30}{\376\377\000H\000e\000a\000d\000i\000n\000g\000s\000\040\000a\000n\000d\000\040\000S\000e\000c\000t\000i\000o\000n\000s}{section*.6}% 23
\BOOKMARK [2][-]{section*.37}{\376\377\000I\000l\000l\000u\000s\000t\000r\000a\000t\000i\000o\000n\000s\000\040\000a\000n\000d\000\040\000F\000i\000g\000u\000r\000e\000s}{section*.6}% 24
\BOOKMARK [2][-]{section*.41}{\376\377\000T\000a\000b\000l\000e\000s}{section*.6}% 25
\BOOKMARK [2][-]{section*.42}{\376\377\000T\000a\000b\000l\000e\000s}{section*.6}% 26
\BOOKMARK [2][-]{section*.53}{\376\377\000R\000e\000f\000e\000r\000e\000n\000c\000e\000s}{section*.6}% 27
\BOOKMARK [1][-]{section*.54}{\376\377\000P\000r\000o\000o\000f\000r\000e\000a\000d\000i\000n\000g\000\040\000Y\000o\000u\000r\000\040\000P\000D\000F}{}% 28
\BOOKMARK [1][-]{section*.55}{\376\377\000I\000m\000p\000r\000o\000p\000e\000r\000l\000y\000\040\000F\000o\000r\000m\000a\000t\000t\000e\000d\000\040\000F\000i\000l\000e\000s\000\040}{}% 29
\BOOKMARK [1][-]{section*.56}{\376\377\000N\000a\000m\000i\000n\000g\000\040\000Y\000o\000u\000r\000\040\000E\000l\000e\000c\000t\000r\000o\000n\000i\000c\000\040\000F\000i\000l\000e}{}% 30
\BOOKMARK [1][-]{section*.57}{\376\377\000S\000u\000b\000m\000i\000t\000t\000i\000n\000g\000\040\000Y\000o\000u\000r\000\040\000E\000l\000e\000c\000t\000r\000o\000n\000i\000c\000\040\000F\000i\000l\000e\000s\000\040\000t\000o\000\040\000A\000A\000A\000I}{}% 31
\BOOKMARK [1][-]{section*.58}{\376\377\000I\000n\000q\000u\000i\000r\000i\000e\000s}{}% 32
\BOOKMARK [1][-]{section*.59}{\376\377\000A\000d\000d\000i\000t\000i\000o\000n\000a\000l\000\040\000R\000e\000s\000o\000u\000r\000c\000e\000s}{}% 33
\BOOKMARK [1][-]{section*.60}{\376\377\000R\000e\000f\000e\000r\000e\000n\000c\000e\000\040\000E\000x\000a\000m\000p\000l\000e\000s}{}% 34
\BOOKMARK [1][-]{section*.69}{\376\377\000A\000c\000k\000n\000o\000w\000l\000e\000d\000g\000m\000e\000n\000t\000s}{}% 35
\BOOKMARK [1][-]{section*.70}{\376\377\000I\000n\000t\000r\000o\000d\000u\000c\000t\000i\000o\000n}{}% 36
\BOOKMARK [1][-]{section*.71}{\376\377\000N\000o\000t\000a\000t\000i\000o\000n\000s\000\040\000a\000n\000d\000\040\000B\000a\000c\000k\000g\000r\000o\000u\000n\000d}{}% 37
\BOOKMARK [2][-]{section*.72}{\376\377\000C\000i\000r\000c\000u\000i\000t\000\040\000f\000o\000r\000m\000u\000l\000a\000\040\000a\000n\000d\000\040\000i\000t\000s\000\040\000S\000h\000a\000n\000n\000o\000n\000\040\000e\000n\000t\000r\000o\000p\000y}{section*.71}% 38
\BOOKMARK [2][-]{section*.73}{\376\377\000A\000l\000g\000e\000b\000r\000a\000i\000c\000\040\000D\000e\000c\000i\000s\000i\000o\000n\000\040\000D\000i\000a\000g\000r\000a\000m\000s}{section*.71}% 39
\BOOKMARK [1][-]{section*.74}{\376\377\000A\000D\000D\000-\000L\000:\000\040\000A\000\040\000N\000e\000w\000\040\000P\000r\000o\000b\000a\000b\000i\000l\000i\000s\000t\000i\000c\000\040\000R\000e\000p\000r\000e\000s\000e\000n\000t\000a\000t\000i\000o\000n}{}% 40
\BOOKMARK [2][-]{section*.76}{\376\377\000T\000r\000a\000c\000t\000a\000b\000l\000e\000\040\000C\000o\000m\000p\000u\000t\000a\000t\000i\000o\000n\000\040\000o\000f\000\040\000W\000e\000i\000g\000h\000t\000\040\000a\000n\000d\000\040\000E\000n\000t\000r\000o\000p\000y}{section*.74}% 41
\BOOKMARK [1][-]{section*.77}{\376\377\000P\000S\000E\000:\000\040\000S\000c\000a\000l\000a\000b\000l\000e\000\040\000P\000r\000e\000c\000i\000s\000e\000\040\000E\000n\000t\000r\000o\000p\000y\000\040\000C\000o\000m\000p\000u\000t\000a\000t\000i\000o\000n}{}% 42
\BOOKMARK [2][-]{section*.79}{\376\377\000I\000m\000p\000l\000e\000m\000e\000n\000t\000a\000t\000i\000o\000n}{section*.77}% 43
\BOOKMARK [1][-]{section*.81}{\376\377\000E\000x\000p\000e\000r\000i\000m\000e\000n\000t\000s}{}% 44
\BOOKMARK [2][-]{section*.82}{\376\377\000C\000o\000m\000p\000a\000r\000i\000s\000o\000n\000\040\000w\000i\000t\000h\000\040\000p\000r\000e\000c\000i\000s\000e\000\040\000S\000h\000a\000n\000n\000o\000n\000\040\000e\000n\000t\000r\000o\000p\000y\000\040\000t\000o\000o\000l\000s}{section*.81}% 45
\BOOKMARK [2][-]{section*.84}{\376\377\000C\000o\000m\000p\000a\000r\000i\000s\000o\000n\000\040\000w\000i\000t\000h\000\040\000S\000h\000a\000n\000n\000o\000n\000\040\000e\000n\000t\000r\000o\000p\000y\000\040\000e\000s\000t\000i\000m\000a\000t\000i\000o\000n\000\040\000t\000o\000o\000l}{section*.81}% 46
\BOOKMARK [2][-]{section*.87}{\376\377\000I\000m\000p\000a\000c\000t\000\040\000o\000f\000\040\000a\000l\000g\000o\000r\000i\000t\000h\000m\000i\000c\000\040\000c\000o\000n\000f\000i\000g\000u\000r\000a\000t\000i\000o\000n\000s}{section*.81}% 47
\BOOKMARK [1][-]{section*.89}{\376\377\000R\000e\000l\000a\000t\000e\000d\000\040\000w\000o\000r\000k}{}% 48
\BOOKMARK [1][-]{section*.90}{\376\377\000C\000o\000n\000c\000l\000u\000s\000i\000o\000n}{}% 49
